<?xml version="1.0" encoding="UTF-8"?>
<testng-results ignored="0" total="1" passed="1" failed="0" skipped="0">
  <reporter-output>
  </reporter-output>
  <suite started-at="2024-03-15T17:03:35 IST" name="Default suite" finished-at="2024-03-15T17:03:49 IST" duration-ms="14118">
    <groups>
    </groups>
    <test started-at="2024-03-15T17:03:35 IST" name="Default test" finished-at="2024-03-15T17:03:49 IST" duration-ms="14118">
      <class name="com.akhilsystem_release.test.registresion_workflow.RegistresiopnWorkflow">
        <test-method is-config="true" signature="lunch()[pri:0, instance:com.akhilsystem_release.test.registresion_workflow.RegistresiopnWorkflow@3e27aa33]" started-at="2024-03-15T17:03:35 IST" name="lunch" finished-at="2024-03-15T17:03:49 IST" duration-ms="14057" status="PASS">
          <reporter-output>
          </reporter-output>
        </test-method> <!-- lunch -->
        <test-method signature="openAppointment()[pri:0, instance:com.akhilsystem_release.test.registresion_workflow.RegistresiopnWorkflow@3e27aa33]" started-at="2024-03-15T17:03:49 IST" name="openAppointment" finished-at="2024-03-15T17:03:49 IST" duration-ms="22" status="PASS">
          <reporter-output>
          </reporter-output>
        </test-method> <!-- openAppointment -->
      </class> <!-- com.akhilsystem_release.test.registresion_workflow.RegistresiopnWorkflow -->
    </test> <!-- Default test -->
  </suite> <!-- Default suite -->
</testng-results>
